build/app/outputs/mapping/release/usage.txt
androidx.activity.ComponentActivity:
    public void <init>()
    public void <init>(int)
    static synthetic void access$001(androidx.activity.ComponentActivity)
    protected void onCreate(android.os.Bundle)
    protected void onSaveInstanceState(android.os.Bundle)
    public final java.lang.Object onRetainNonConfigurationInstance()
    public java.lang.Object onRetainCustomNonConfigurationInstance()
    public java.lang.Object getLastCustomNonConfigurationInstance()
    public androidx.lifecycle.Lifecycle getLifecycle()
    public void onBackPressed()
    public final androidx.activity.OnBackPressedDispatcher getOnBackPressedDispatcher()
    public final androidx.savedstate.SavedStateRegistry getSavedStateRegistry()
    private final androidx.lifecycle.LifecycleRegistry mLifecycleRegistry
    private final androidx.savedstate.SavedStateRegistryController mSavedStateRegistryController
    private androidx.lifecycle.ViewModelStore mViewModelStore
    private final androidx.activity.OnBackPressedDispatcher mOnBackPressedDispatcher
    private int mContentLayoutId
androidx.versionedparcelable.ParcelImpl:
    public void <init>(androidx.versionedparcelable.VersionedParcelable)
    public androidx.versionedparcelable.VersionedParcelable getVersionedParcel()
androidx.annotation.StyleableRes
kotlin.UShortKt
kotlin.collections.CollectionsKt__IterablesKt
androidx.core.provider.FontsContractCompat$4
kotlin.contracts.SimpleEffect
io.flutter.app.FlutterActivityDelegate$1$1
kotlin.coroutines.jvm.internal.ModuleNameRetriever$Cache
io.flutter.view.AccessibilityBridge$SemanticsNode:
    private void log(java.lang.String,boolean)
kotlin.jvm.functions.Function6
kotlin.io.ExceptionsKt
kotlin.text.Regex$findAll$2
androidx.core.text.HtmlCompat
androidx.core.view.accessibility.AccessibilityRecordCompat
kotlin.text.StringsKt___StringsKt$asIterable$$inlined$Iterable$1
androidx.versionedparcelable.VersionedParcelStream$FieldBuffer
androidx.core.view.animation.PathInterpolatorApi14
kotlin.jvm.JvmPackageName
com.tekartik.sqflite.operation.Operation:
    public abstract java.lang.String getMethod()
    public abstract boolean getContinueOnError()
kotlin.coroutines.jvm.internal.RunSuspendKt
io.flutter.embedding.engine.plugins.activity.ActivityControlSurface:
    public abstract void attachToActivity(android.app.Activity,androidx.lifecycle.Lifecycle)
org.jetbrains.annotations.PropertyKey
androidx.fragment.app.FragmentActivity
androidx.annotation.FractionRes
org.intellij.lang.annotations.JdkConstants$ListSelectionMode
io.flutter.embedding.engine.systemchannels.MouseCursorChannel:
    public void synthesizeMethodCall(io.flutter.plugin.common.MethodCall,io.flutter.plugin.common.MethodChannel$Result)
    private static final java.lang.String TAG
io.flutter.embedding.engine.dart.DartExecutor$DartEntrypoint:
    public static io.flutter.embedding.engine.dart.DartExecutor$DartEntrypoint createDefault()
    public void <init>(java.lang.String,java.lang.String,java.lang.String)
androidx.core.provider.FontsContractCompat$4$4
androidx.fragment.app.ListFragment$1
kotlin.ArrayIntrinsicsKt
kotlin.comparisons.ComparisonsKt__ComparisonsKt$nullsLast$1
kotlin.text.StringsKt___StringsKt$windowed$1
androidx.core.app.NotificationManagerCompat$SideChannelManager
kotlin.jvm.functions.Function22
kotlin.coroutines.experimental.intrinsics.IntrinsicsKt__IntrinsicsJvmKt$createCoroutineUnchecked$$inlined$buildContinuationByInvokeCall$IntrinsicsKt__IntrinsicsJvmKt$1
androidx.annotation.FloatRange
kotlin.jvm.internal.FunctionBase
androidx.core.app.DialogCompat
androidx.core.view.MenuItemCompat$1
androidx.core.view.ViewPropertyAnimatorCompat
androidx.core.content.res.ComplexColorCompat
kotlin.sequences.TakeWhileSequence$iterator$1
kotlin.jvm.internal.CollectionToArray
kotlin.internal.PureReifiable
androidx.fragment.app.FragmentTabHost
kotlin.reflect.KProperty0$Getter
io.flutter.view.FlutterView$2
kotlin.text.StringsKt__StringsJVMKt